# JRE version: OpenJDK Runtime Environment (8.0_152-b06) (build 1.8.0_152-release-1136-b06)
# Java VM: OpenJDK 64-Bit Server VM (25.152-b06 mixed mode linux-amd64 compressed oops)
Heap:
 PSYoungGen      total 411136K, used 0K [0x00000000e0000000, 0x0000000100000000, 0x0000000100000000)
  eden space 314880K, 0% used [0x00000000e0000000,0x00000000e0000000,0x00000000f3380000)
  from space 96256K, 0% used [0x00000000f3380000,0x00000000f3380000,0x00000000f9180000)
  to   space 113152K, 0% used [0x00000000f9180000,0x00000000f9180000,0x0000000100000000)
 ParOldGen       total 318464K, used 235008K [0x00000000a0000000, 0x00000000b3700000, 0x00000000e0000000)
  object space 318464K, 73% used [0x00000000a0000000,0x00000000ae580328,0x00000000b3700000)
 Metaspace       used 111671K, capacity 116024K, committed 116248K, reserved 1150976K
  class space    used 14006K, capacity 14883K, committed 14896K, reserved 1048576K
GC Heap History (10 events):
Event: 25.552 GC heap after
Heap after GC invocations=25 (full 4):
 PSYoungGen      total 305664K, used 128K [0x00000000e0000000, 0x00000000ffe80000, 0x0000000100000000)
  eden space 305152K, 0% used [0x00000000e0000000,0x00000000e0000000,0x00000000f2a00000)
  from space 512K, 25% used [0x00000000f2a00000,0x00000000f2a20000,0x00000000f2a80000)
  to   space 108544K, 0% used [0x00000000f9480000,0x00000000f9480000,0x00000000ffe80000)
 ParOldGen       total 318464K, used 203244K [0x00000000a0000000, 0x00000000b3700000, 0x00000000e0000000)
  object space 318464K, 63% used [0x00000000a0000000,0x00000000ac67b2c0,0x00000000b3700000)
 Metaspace       used 92541K, capacity 95926K, committed 96024K, reserved 1132544K
  class space    used 11858K, capacity 12590K, committed 12592K, reserved 1048576K
}
Event: 715.697 GC heap before
{Heap before GC invocations=26 (full 4):
 PSYoungGen      total 305664K, used 305280K [0x00000000e0000000, 0x00000000ffe80000, 0x0000000100000000)
  eden space 305152K, 100% used [0x00000000e0000000,0x00000000f2a00000,0x00000000f2a00000)
  from space 512K, 25% used [0x00000000f2a00000,0x00000000f2a20000,0x00000000f2a80000)
  to   space 108544K, 0% used [0x00000000f9480000,0x00000000f9480000,0x00000000ffe80000)
 ParOldGen       total 318464K, used 203244K [0x00000000a0000000, 0x00000000b3700000, 0x00000000e0000000)
  object space 318464K, 63% used [0x00000000a0000000,0x00000000ac67b2c0,0x00000000b3700000)
 Metaspace       used 95140K, capacity 98886K, committed 98968K, reserved 1134592K
  class space    used 12143K, capacity 12910K, committed 12976K, reserved 1048576K
Event: 715.719 GC heap after
Heap after GC invocations=26 (full 4):
 PSYoungGen      total 418304K, used 14904K [0x00000000e0000000, 0x0000000100000000, 0x0000000100000000)
  eden space 309760K, 0% used [0x00000000e0000000,0x00000000e0000000,0x00000000f2e80000)
  from space 108544K, 13% used [0x00000000f9480000,0x00000000fa30e238,0x00000000ffe80000)
  to   space 104448K, 0% used [0x00000000f2e80000,0x00000000f2e80000,0x00000000f9480000)
 ParOldGen       total 318464K, used 203284K [0x00000000a0000000, 0x00000000b3700000, 0x00000000e0000000)
  object space 318464K, 63% used [0x00000000a0000000,0x00000000ac6852c0,0x00000000b3700000)
 Metaspace       used 95140K, capacity 98886K, committed 98968K, reserved 1134592K
  class space    used 12143K, capacity 12910K, committed 12976K, reserved 1048576K
}
Event: 1218.105 GC heap before
{Heap before GC invocations=27 (full 4):
 PSYoungGen      total 418304K, used 324664K [0x00000000e0000000, 0x0000000100000000, 0x0000000100000000)
  eden space 309760K, 100% used [0x00000000e0000000,0x00000000f2e80000,0x00000000f2e80000)
  from space 108544K, 13% used [0x00000000f9480000,0x00000000fa30e238,0x00000000ffe80000)
  to   space 104448K, 0% used [0x00000000f2e80000,0x00000000f2e80000,0x00000000f9480000)
 ParOldGen       total 318464K, used 203284K [0x00000000a0000000, 0x00000000b3700000, 0x00000000e0000000)
  object space 318464K, 63% used [0x00000000a0000000,0x00000000ac6852c0,0x00000000b3700000)
 Metaspace       used 96560K, capacity 100638K, committed 100760K, reserved 1136640K
  class space    used 12270K, capacity 13132K, committed 13232K, reserved 1048576K
Event: 1218.150 GC heap after
Heap after GC invocations=27 (full 4):
 PSYoungGen      total 325632K, used 15468K [0x00000000e0000000, 0x00000000ff300000, 0x0000000100000000)
  eden space 309760K, 0% used [0x00000000e0000000,0x00000000e0000000,0x00000000f2e80000)
  from space 15872K, 97% used [0x00000000f2e80000,0x00000000f3d9b3f8,0x00000000f3e00000)
  to   space 99840K, 0% used [0x00000000f9180000,0x00000000f9180000,0x00000000ff300000)
 ParOldGen       total 318464K, used 204360K [0x00000000a0000000, 0x00000000b3700000, 0x00000000e0000000)
  object space 318464K, 64% used [0x00000000a0000000,0x00000000ac7923e8,0x00000000b3700000)
 Metaspace       used 96560K, capacity 100638K, committed 100760K, reserved 1136640K
  class space    used 12270K, capacity 13132K, committed 13232K, reserved 1048576K
}
Event: 1222.580 GC heap before
{Heap before GC invocations=28 (full 4):
 PSYoungGen      total 325632K, used 325228K [0x00000000e0000000, 0x00000000ff300000, 0x0000000100000000)
  eden space 309760K, 100% used [0x00000000e0000000,0x00000000f2e80000,0x00000000f2e80000)
  from space 15872K, 97% used [0x00000000f2e80000,0x00000000f3d9b3f8,0x00000000f3e00000)
  to   space 99840K, 0% used [0x00000000f9180000,0x00000000f9180000,0x00000000ff300000)
 ParOldGen       total 318464K, used 204360K [0x00000000a0000000, 0x00000000b3700000, 0x00000000e0000000)
  object space 318464K, 64% used [0x00000000a0000000,0x00000000ac7923e8,0x00000000b3700000)
 Metaspace       used 101647K, capacity 105956K, committed 106264K, reserved 1142784K
  class space    used 12882K, capacity 13787K, committed 13872K, reserved 1048576K
Event: 1222.654 GC heap after
Heap after GC invocations=28 (full 4):
 PSYoungGen      total 414720K, used 39440K [0x00000000e0000000, 0x0000000100000000, 0x0000000100000000)
  eden space 314880K, 0% used [0x00000000e0000000,0x00000000e0000000,0x00000000f3380000)
  from space 99840K, 39% used [0x00000000f9180000,0x00000000fb8041d0,0x00000000ff300000)
  to   space 96256K, 0% used [0x00000000f3380000,0x00000000f3380000,0x00000000f9180000)
 ParOldGen       total 318464K, used 218159K [0x00000000a0000000, 0x00000000b3700000, 0x00000000e0000000)
  object space 318464K, 68% used [0x00000000a0000000,0x00000000ad50bc98,0x00000000b3700000)
 Metaspace       used 101647K, capacity 105956K, committed 106264K, reserved 1142784K
  class space    used 12882K, capacity 13787K, committed 13872K, reserved 1048576K
}
Event: 1226.634 GC heap before
{Heap before GC invocations=29 (full 4):
 PSYoungGen      total 414720K, used 354320K [0x00000000e0000000, 0x0000000100000000, 0x0000000100000000)
  eden space 314880K, 100% used [0x00000000e0000000,0x00000000f3380000,0x00000000f3380000)
  from space 99840K, 39% used [0x00000000f9180000,0x00000000fb8041d0,0x00000000ff300000)
  to   space 96256K, 0% used [0x00000000f3380000,0x00000000f3380000,0x00000000f9180000)
 ParOldGen       total 318464K, used 218159K [0x00000000a0000000, 0x00000000b3700000, 0x00000000e0000000)
  object space 318464K, 68% used [0x00000000a0000000,0x00000000ad50bc98,0x00000000b3700000)
 Metaspace       used 111671K, capacity 116024K, committed 116248K, reserved 1150976K
  class space    used 14006K, capacity 14883K, committed 14896K, reserved 1048576K
Event: 1226.885 GC heap after
Heap after GC invocations=29 (full 4):
 PSYoungGen      total 411136K, used 96228K [0x00000000e0000000, 0x0000000100000000, 0x0000000100000000)
  eden space 314880K, 0% used [0x00000000e0000000,0x00000000e0000000,0x00000000f3380000)
  from space 96256K, 99% used [0x00000000f3380000,0x00000000f9179158,0x00000000f9180000)
  to   space 113152K, 0% used [0x00000000f9180000,0x00000000f9180000,0x0000000100000000)
 ParOldGen       total 318464K, used 271962K [0x00000000a0000000, 0x00000000b3700000, 0x00000000e0000000)
  object space 318464K, 85% used [0x00000000a0000000,0x00000000b0996b28,0x00000000b3700000)
 Metaspace       used 111671K, capacity 116024K, committed 116248K, reserved 1150976K
  class space    used 14006K, capacity 14883K, committed 14896K, reserved 1048576K
}
Event: 1226.902 GC heap before
{Heap before GC invocations=30 (full 5):
 PSYoungGen      total 411136K, used 96228K [0x00000000e0000000, 0x0000000100000000, 0x0000000100000000)
  eden space 314880K, 0% used [0x00000000e0000000,0x00000000e0000000,0x00000000f3380000)
  from space 96256K, 99% used [0x00000000f3380000,0x00000000f9179158,0x00000000f9180000)
  to   space 113152K, 0% used [0x00000000f9180000,0x00000000f9180000,0x0000000100000000)
 ParOldGen       total 318464K, used 271962K [0x00000000a0000000, 0x00000000b3700000, 0x00000000e0000000)
  object space 318464K, 85% used [0x00000000a0000000,0x00000000b0996b28,0x00000000b3700000)
 Metaspace       used 111671K, capacity 116024K, committed 116248K, reserved 1150976K
  class space    used 14006K, capacity 14883K, committed 14896K, reserved 1048576K

