# JRE version: OpenJDK Runtime Environment (8.0_152-b06) (build 1.8.0_152-release-1136-b06)
# Java VM: OpenJDK 64-Bit Server VM (25.152-b06 mixed mode linux-amd64 compressed oops)
Heap:
 PSYoungGen      total 318976K, used 0K [0x00000000e0000000, 0x0000000100000000, 0x0000000100000000)
  eden space 218112K, 0% used [0x00000000e0000000,0x00000000e0000000,0x00000000ed500000)
  from space 100864K, 0% used [0x00000000f9d80000,0x00000000f9d80000,0x0000000100000000)
  to   space 153088K, 0% used [0x00000000ed500000,0x00000000ed500000,0x00000000f6a80000)
 ParOldGen       total 215552K, used 172327K [0x00000000a0000000, 0x00000000ad280000, 0x00000000e0000000)
  object space 215552K, 79% used [0x00000000a0000000,0x00000000aa849eb8,0x00000000ad280000)
 Metaspace       used 126728K, capacity 132354K, committed 132904K, reserved 1165312K
  class space    used 15696K, capacity 16849K, committed 16944K, reserved 1048576K
GC Heap History (10 events):
Event: 9806.189 GC heap after
Heap after GC invocations=40 (full 4):
 PSYoungGen      total 440320K, used 36170K [0x00000000e0000000, 0x00000000ff700000, 0x0000000100000000)
  eden space 373760K, 0% used [0x00000000e0000000,0x00000000e0000000,0x00000000f6d00000)
  from space 66560K, 54% used [0x00000000fb600000,0x00000000fd952b58,0x00000000ff700000)
  to   space 70656K, 0% used [0x00000000f6d00000,0x00000000f6d00000,0x00000000fb200000)
 ParOldGen       total 205824K, used 72664K [0x00000000a0000000, 0x00000000ac900000, 0x00000000e0000000)
  object space 205824K, 35% used [0x00000000a0000000,0x00000000a46f6048,0x00000000ac900000)
 Metaspace       used 99366K, capacity 104746K, committed 104872K, reserved 1140736K
  class space    used 12542K, capacity 13647K, committed 13744K, reserved 1048576K
}
Event: 9953.399 GC heap before
{Heap before GC invocations=41 (full 4):
 PSYoungGen      total 440320K, used 409930K [0x00000000e0000000, 0x00000000ff700000, 0x0000000100000000)
  eden space 373760K, 100% used [0x00000000e0000000,0x00000000f6d00000,0x00000000f6d00000)
  from space 66560K, 54% used [0x00000000fb600000,0x00000000fd952b58,0x00000000ff700000)
  to   space 70656K, 0% used [0x00000000f6d00000,0x00000000f6d00000,0x00000000fb200000)
 ParOldGen       total 205824K, used 72664K [0x00000000a0000000, 0x00000000ac900000, 0x00000000e0000000)
  object space 205824K, 35% used [0x00000000a0000000,0x00000000a46f6048,0x00000000ac900000)
 Metaspace       used 99746K, capacity 105186K, committed 105384K, reserved 1140736K
  class space    used 12563K, capacity 13703K, committed 13744K, reserved 1048576K
Event: 9953.431 GC heap after
Heap after GC invocations=41 (full 4):
 PSYoungGen      total 444416K, used 35743K [0x00000000e0000000, 0x00000000ffe00000, 0x0000000100000000)
  eden space 373760K, 0% used [0x00000000e0000000,0x00000000e0000000,0x00000000f6d00000)
  from space 70656K, 50% used [0x00000000f6d00000,0x00000000f8fe7f08,0x00000000fb200000)
  to   space 67584K, 0% used [0x00000000fbc00000,0x00000000fbc00000,0x00000000ffe00000)
 ParOldGen       total 205824K, used 72664K [0x00000000a0000000, 0x00000000ac900000, 0x00000000e0000000)
  object space 205824K, 35% used [0x00000000a0000000,0x00000000a46f6048,0x00000000ac900000)
 Metaspace       used 99746K, capacity 105186K, committed 105384K, reserved 1140736K
  class space    used 12563K, capacity 13703K, committed 13744K, reserved 1048576K
}
Event: 9957.383 GC heap before
{Heap before GC invocations=42 (full 4):
 PSYoungGen      total 444416K, used 409503K [0x00000000e0000000, 0x00000000ffe00000, 0x0000000100000000)
  eden space 373760K, 100% used [0x00000000e0000000,0x00000000f6d00000,0x00000000f6d00000)
  from space 70656K, 50% used [0x00000000f6d00000,0x00000000f8fe7f08,0x00000000fb200000)
  to   space 67584K, 0% used [0x00000000fbc00000,0x00000000fbc00000,0x00000000ffe00000)
 ParOldGen       total 205824K, used 72664K [0x00000000a0000000, 0x00000000ac900000, 0x00000000e0000000)
  object space 205824K, 35% used [0x00000000a0000000,0x00000000a46f6048,0x00000000ac900000)
 Metaspace       used 109110K, capacity 114720K, committed 114984K, reserved 1148928K
  class space    used 13667K, capacity 14840K, committed 14896K, reserved 1048576K
Event: 9957.528 GC heap after
Heap after GC invocations=42 (full 4):
 PSYoungGen      total 390144K, used 67567K [0x00000000e0000000, 0x0000000100000000, 0x0000000100000000)
  eden space 322560K, 0% used [0x00000000e0000000,0x00000000e0000000,0x00000000f3b00000)
  from space 67584K, 99% used [0x00000000fbc00000,0x00000000ffdfbee8,0x00000000ffe00000)
  to   space 100864K, 0% used [0x00000000f3b00000,0x00000000f3b00000,0x00000000f9d80000)
 ParOldGen       total 205824K, used 141131K [0x00000000a0000000, 0x00000000ac900000, 0x00000000e0000000)
  object space 205824K, 68% used [0x00000000a0000000,0x00000000a89d2e28,0x00000000ac900000)
 Metaspace       used 109110K, capacity 114720K, committed 114984K, reserved 1148928K
  class space    used 13667K, capacity 14840K, committed 14896K, reserved 1048576K
}
Event: 9960.012 GC heap before
{Heap before GC invocations=43 (full 4):
 PSYoungGen      total 390144K, used 390127K [0x00000000e0000000, 0x0000000100000000, 0x0000000100000000)
  eden space 322560K, 100% used [0x00000000e0000000,0x00000000f3b00000,0x00000000f3b00000)
  from space 67584K, 99% used [0x00000000fbc00000,0x00000000ffdfbee8,0x00000000ffe00000)
  to   space 100864K, 0% used [0x00000000f3b00000,0x00000000f3b00000,0x00000000f9d80000)
 ParOldGen       total 205824K, used 141131K [0x00000000a0000000, 0x00000000ac900000, 0x00000000e0000000)
  object space 205824K, 68% used [0x00000000a0000000,0x00000000a89d2e28,0x00000000ac900000)
 Metaspace       used 115951K, capacity 121628K, committed 121896K, reserved 1155072K
  class space    used 14395K, capacity 15556K, committed 15664K, reserved 1048576K
Event: 9960.119 GC heap after
Heap after GC invocations=43 (full 4):
 PSYoungGen      total 423424K, used 100839K [0x00000000e0000000, 0x0000000100000000, 0x0000000100000000)
  eden space 322560K, 0% used [0x00000000e0000000,0x00000000e0000000,0x00000000f3b00000)
  from space 100864K, 99% used [0x00000000f3b00000,0x00000000f9d79de8,0x00000000f9d80000)
  to   space 100864K, 0% used [0x00000000f9d80000,0x00000000f9d80000,0x0000000100000000)
 ParOldGen       total 205824K, used 163114K [0x00000000a0000000, 0x00000000ac900000, 0x00000000e0000000)
  object space 205824K, 79% used [0x00000000a0000000,0x00000000a9f4ab78,0x00000000ac900000)
 Metaspace       used 115951K, capacity 121628K, committed 121896K, reserved 1155072K
  class space    used 14395K, capacity 15556K, committed 15664K, reserved 1048576K
}
Event: 9962.854 GC heap before
{Heap before GC invocations=44 (full 4):
 PSYoungGen      total 423424K, used 423399K [0x00000000e0000000, 0x0000000100000000, 0x0000000100000000)
  eden space 322560K, 100% used [0x00000000e0000000,0x00000000f3b00000,0x00000000f3b00000)
  from space 100864K, 99% used [0x00000000f3b00000,0x00000000f9d79de8,0x00000000f9d80000)
  to   space 100864K, 0% used [0x00000000f9d80000,0x00000000f9d80000,0x0000000100000000)
 ParOldGen       total 205824K, used 163114K [0x00000000a0000000, 0x00000000ac900000, 0x00000000e0000000)
  object space 205824K, 79% used [0x00000000a0000000,0x00000000a9f4ab78,0x00000000ac900000)
 Metaspace       used 126762K, capacity 132474K, committed 132904K, reserved 1165312K
  class space    used 15705K, capacity 16889K, committed 16944K, reserved 1048576K
Event: 9963.005 GC heap after
Heap after GC invocations=44 (full 4):
 PSYoungGen      total 318976K, used 100863K [0x00000000e0000000, 0x0000000100000000, 0x0000000100000000)
  eden space 218112K, 0% used [0x00000000e0000000,0x00000000e0000000,0x00000000ed500000)
  from space 100864K, 99% used [0x00000000f9d80000,0x00000000ffffff50,0x0000000100000000)
  to   space 153088K, 0% used [0x00000000ed500000,0x00000000ed500000,0x00000000f6a80000)
 ParOldGen       total 215552K, used 215204K [0x00000000a0000000, 0x00000000ad280000, 0x00000000e0000000)
  object space 215552K, 99% used [0x00000000a0000000,0x00000000ad2292b8,0x00000000ad280000)
 Metaspace       used 126762K, capacity 132474K, committed 132904K, reserved 1165312K
  class space    used 15705K, capacity 16889K, committed 16944K, reserved 1048576K
}
Event: 9963.006 GC heap before
{Heap before GC invocations=45 (full 5):
 PSYoungGen      total 318976K, used 100863K [0x00000000e0000000, 0x0000000100000000, 0x0000000100000000)
  eden space 218112K, 0% used [0x00000000e0000000,0x00000000e0000000,0x00000000ed500000)
  from space 100864K, 99% used [0x00000000f9d80000,0x00000000ffffff50,0x0000000100000000)
  to   space 153088K, 0% used [0x00000000ed500000,0x00000000ed500000,0x00000000f6a80000)
 ParOldGen       total 215552K, used 215204K [0x00000000a0000000, 0x00000000ad280000, 0x00000000e0000000)
  object space 215552K, 99% used [0x00000000a0000000,0x00000000ad2292b8,0x00000000ad280000)
 Metaspace       used 126762K, capacity 132474K, committed 132904K, reserved 1165312K
  class space    used 15705K, capacity 16889K, committed 16944K, reserved 1048576K

